<?xml version="1.0" encoding="UTF-8"?>
<!-- Generated by org.testng.reporters.JUnitXMLReporter -->
<testsuite ignored="1" hostname="mhussen-PC" failures="0" tests="1" name="LargeYearTest" time="9.119" errors="0" timestamp="2021-01-16T20:09:45 EST">
  <testcase classname="com.timeanddate.DateCalculatorTests" name="largeyearTest" time="2.435"/>
  <testcase classname="com.timeanddate.DateCalculatorTests" name="subtractDates" time="0.0">
    <ignored/>
  </testcase> <!-- subtractDates -->
</testsuite> <!-- LargeYearTest -->
