<?xml version="1.0" encoding="UTF-8"?>
<testng-results ignored="0" total="1" passed="1" failed="0" skipped="0">
  <reporter-output>
  </reporter-output>
  <suite started-at="2021-01-02T21:09:36 EST" name="Default suite" finished-at="2021-01-02T21:09:56 EST" duration-ms="20205">
    <groups>
    </groups>
    <test started-at="2021-01-02T21:09:36 EST" name="Default test" finished-at="2021-01-02T21:09:56 EST" duration-ms="20205">
      <class name="com.timeanddate.DateCalculatorTest">
        <test-method signature="subtractDates()[pri:0, instance:com.timeanddate.DateCalculatorTest@5f683daf]" started-at="2021-01-02T21:09:36 EST" name="subtractDates" finished-at="2021-01-02T21:09:56 EST" duration-ms="20119" status="PASS">
          <reporter-output>
          </reporter-output>
        </test-method> <!-- subtractDates -->
      </class> <!-- com.timeanddate.DateCalculatorTest -->
    </test> <!-- Default test -->
  </suite> <!-- Default suite -->
</testng-results>
