<?xml version="1.0" encoding="UTF-8"?>
<testng-results ignored="2" total="4" passed="2" failed="0" skipped="0">
  <reporter-output>
  </reporter-output>
  <suite started-at="2021-01-16T20:09:14 EST" name="AllTests" finished-at="2021-01-16T20:09:45 EST" duration-ms="30934">
    <groups>
      <group name="positiveTest">
        <method signature="DateCalculatorTests.subtractDates()[pri:1, instance:com.timeanddate.DateCalculatorTests@3315d2d7]" name="subtractDates" class="com.timeanddate.DateCalculatorTests"/>
      </group> <!-- positiveTest -->
      <group name="largeYearTest">
        <method signature="DateCalculatorTests.largeyearTest(java.lang.String)[pri:2, instance:com.timeanddate.DateCalculatorTests@79da8dc5]" name="largeyearTest" class="com.timeanddate.DateCalculatorTests"/>
      </group> <!-- largeYearTest -->
    </groups>
    <test started-at="2021-01-16T20:09:14 EST" name="PositiveTests" finished-at="2021-01-16T20:09:36 EST" duration-ms="21738">
      <class name="com.timeanddate.DateCalculatorTests">
        <test-method is-config="true" signature="setUp()[pri:0, instance:com.timeanddate.DateCalculatorTests@3315d2d7]" started-at="2021-01-16T20:09:14 EST" name="setUp" finished-at="2021-01-16T20:09:30 EST" duration-ms="15651" status="PASS">
          <reporter-output>
          </reporter-output>
        </test-method> <!-- setUp -->
        <test-method signature="subtractDates()[pri:1, instance:com.timeanddate.DateCalculatorTests@3315d2d7]" started-at="2021-01-16T20:09:30 EST" name="subtractDates" finished-at="2021-01-16T20:09:35 EST" duration-ms="5174" status="PASS">
          <reporter-output>
          </reporter-output>
        </test-method> <!-- subtractDates -->
        <test-method is-config="true" signature="tearDown()[pri:0, instance:com.timeanddate.DateCalculatorTests@3315d2d7]" started-at="2021-01-16T20:09:35 EST" name="tearDown" finished-at="2021-01-16T20:09:36 EST" duration-ms="807" status="PASS">
          <reporter-output>
          </reporter-output>
        </test-method> <!-- tearDown -->
      </class> <!-- com.timeanddate.DateCalculatorTests -->
    </test> <!-- PositiveTests -->
    <test started-at="2021-01-16T20:09:36 EST" name="LargeYearTest" finished-at="2021-01-16T20:09:45 EST" duration-ms="9119">
      <class name="com.timeanddate.DateCalculatorTests">
        <test-method is-config="true" signature="setUp()[pri:0, instance:com.timeanddate.DateCalculatorTests@79da8dc5]" started-at="2021-01-16T20:09:36 EST" name="setUp" finished-at="2021-01-16T20:09:42 EST" duration-ms="5996" status="PASS">
          <reporter-output>
          </reporter-output>
        </test-method> <!-- setUp -->
        <test-method signature="largeyearTest(java.lang.String)[pri:2, instance:com.timeanddate.DateCalculatorTests@79da8dc5]" started-at="2021-01-16T20:09:42 EST" name="largeyearTest" finished-at="2021-01-16T20:09:45 EST" duration-ms="2435" status="PASS">
          <params>
            <param index="0">
              <value>
                <![CDATA[3000]]>
              </value>
            </param>
          </params>
          <reporter-output>
          </reporter-output>
        </test-method> <!-- largeyearTest -->
        <test-method is-config="true" signature="tearDown()[pri:0, instance:com.timeanddate.DateCalculatorTests@79da8dc5]" started-at="2021-01-16T20:09:45 EST" name="tearDown" finished-at="2021-01-16T20:09:45 EST" duration-ms="681" status="PASS">
          <reporter-output>
          </reporter-output>
        </test-method> <!-- tearDown -->
      </class> <!-- com.timeanddate.DateCalculatorTests -->
    </test> <!-- LargeYearTest -->
  </suite> <!-- AllTests -->
</testng-results>
